[OPTIMUS] Container Alert:
🔴 openclaw-hky4-openclaw-1 is in a restart loop
[OPTIMUS] Container Alert:
🔴 Container dashboard-postgres is  (expected: running)
🔴 Container openclaw-dashboard is  (expected: running)
[OPTIMUS] Container Alert:
🔴 Container dashboard-postgres is  (expected: running)
🔴 Container openclaw-dashboard is  (expected: running)
[OPTIMUS] Container Alert:
🔴 openclaw-obe4-openclaw-1 is in a restart loop
[OPTIMUS] Container Alert:
🔴 openclaw-obe4-openclaw-1 is in a restart loop
[OPTIMUS] Container Alert:
🔴 Container dashboard-postgres is  (expected: running)
🔴 Container openclaw-dashboard is  (expected: running)
[OPTIMUS] Container Alert:
🔴 Container dashboard-postgres is  (expected: running)
🔴 Container openclaw-dashboard is  (expected: running)
[OPTIMUS] Container Alert:
🔴 Container dashboard-postgres is  (expected: running)
🔴 Container openclaw-dashboard is  (expected: running)
[OPTIMUS] Container Alert:
🔴 Container dashboard-postgres is  (expected: running)
🔴 Container openclaw-dashboard is  (expected: running)
[OPTIMUS] Container Alert:
🔴 Container dashboard-postgres is  (expected: running)
🔴 Container openclaw-dashboard is  (expected: running)
[OPTIMUS] Container Alert:
🔴 Container dashboard-postgres is  (expected: running)
🔴 Container openclaw-dashboard is  (expected: running)
[OPTIMUS] Container Alert:
🔴 Container dashboard-postgres is  (expected: running)
🔴 Container openclaw-dashboard is  (expected: running)
[OPTIMUS] Container Alert:
🔴 Container dashboard-postgres is  (expected: running)
🔴 Container openclaw-dashboard is  (expected: running)
[OPTIMUS] Container Alert:
🔴 Container dashboard-postgres is  (expected: running)
🔴 Container openclaw-dashboard is  (expected: running)
[OPTIMUS] Container Alert:
🔴 Container dashboard-postgres is  (expected: running)
🔴 Container openclaw-dashboard is  (expected: running)
[OPTIMUS] Container Alert:
🔴 Container dashboard-postgres is  (expected: running)
🔴 Container openclaw-dashboard is  (expected: running)
[OPTIMUS] Container Alert:
🔴 Container dashboard-postgres is  (expected: running)
🔴 Container openclaw-dashboard is  (expected: running)
[OPTIMUS] Container Alert:
🔴 Container dashboard-postgres is  (expected: running)
🔴 Container openclaw-dashboard is  (expected: running)
[OPTIMUS] Container Alert:
🔴 Container dashboard-postgres is  (expected: running)
🔴 Container openclaw-dashboard is  (expected: running)
[OPTIMUS] Container Alert:
🔴 Container dashboard-postgres is  (expected: running)
🔴 Container openclaw-dashboard is  (expected: running)
[OPTIMUS] Container Alert:
🔴 Container dashboard-postgres is  (expected: running)
🔴 Container openclaw-dashboard is  (expected: running)
[OPTIMUS] Container Alert:
🔴 Container dashboard-postgres is  (expected: running)
🔴 Container openclaw-dashboard is  (expected: running)
[OPTIMUS] Container Alert:
🔴 Container dashboard-postgres is  (expected: running)
🔴 Container openclaw-dashboard is  (expected: running)
[OPTIMUS] Container Alert:
🔴 Container dashboard-postgres is  (expected: running)
🔴 Container openclaw-dashboard is  (expected: running)
[OPTIMUS] Container Alert:
🔴 Container dashboard-postgres is  (expected: running)
🔴 Container openclaw-dashboard is  (expected: running)
[OPTIMUS] Container Alert:
🔴 Container dashboard-postgres is  (expected: running)
🔴 Container openclaw-dashboard is  (expected: running)
[OPTIMUS] Container Alert:
🔴 Container dashboard-postgres is  (expected: running)
🔴 Container openclaw-dashboard is  (expected: running)
[OPTIMUS] Container Alert:
🔴 Container dashboard-postgres is  (expected: running)
🔴 Container openclaw-dashboard is  (expected: running)
[OPTIMUS] Container Alert:
🔴 Container dashboard-postgres is  (expected: running)
🔴 Container openclaw-dashboard is  (expected: running)
[OPTIMUS] Container Alert:
🔴 Container dashboard-postgres is  (expected: running)
🔴 Container openclaw-dashboard is  (expected: running)
[OPTIMUS] Container Alert:
🔴 Container dashboard-postgres is  (expected: running)
🔴 Container openclaw-dashboard is  (expected: running)
